{"/Users/atharvakunte/Documents/PlaygroundOrg/Tools and scrum/ToolsAndScrumAssessment/force-app/main/default/lwc/accountPage/accountPage.js": {"path":"/Users/atharvakunte/Documents/PlaygroundOrg/Tools and scrum/ToolsAndScrumAssessment/force-app/main/default/lwc/accountPage/accountPage.js","statementMap":{"0":{"start":{"line":1,"column":25},"end":{"line":1,"column":null}},"1":{"start":{"line":3,"column":58},"end":{"line":3,"column":null}},"2":{"start":{"line":3,"column":58},"end":{"line":4,"column":null}},"3":{"start":{"line":4,"column":17},"end":{"line":10,"column":null}},"4":{"start":{"line":10,"column":5},"end":{"line":17,"column":null}},"5":{"start":{"line":17,"column":5},"end":{"line":24,"column":null}},"6":{"start":{"line":24,"column":5},"end":{"line":26,"column":null}},"7":{"start":{"line":26,"column":20},"end":{"line":32,"column":null}},"8":{"start":{"line":29,"column":8},"end":{"line":29,"column":null}},"9":{"start":{"line":30,"column":8},"end":{"line":30,"column":null}},"10":{"start":{"line":36,"column":8},"end":{"line":36,"column":null}},"11":{"start":{"line":40,"column":8},"end":{"line":40,"column":null}},"12":{"start":{"line":41,"column":8},"end":{"line":41,"column":null}},"13":{"start":{"line":43,"column":1},"end":{"line":3,"column":41}},"14":{"start":{"line":3,"column":0},"end":{"line":3,"column":41}},"15":{"start":{"line":3,"column":32},"end":{"line":3,"column":41}}},"fnMap":{"0":{"name":"_interopRequireDefault","decl":{"start":{"line":1,"column":25},"end":{"line":1,"column":null}},"loc":{"start":{"line":1,"column":25},"end":{"line":1,"column":null}}},"1":{"name":"(anonymous_1)","decl":{"start":{"line":3,"column":58},"end":{"line":3,"column":null}},"loc":{"start":{"line":3,"column":58},"end":{"line":32,"column":null}}},"2":{"name":"(anonymous_2)","decl":{"start":{"line":28,"column":4},"end":{"line":28,"column":21}},"loc":{"start":{"line":28,"column":23},"end":{"line":31,"column":null}}},"3":{"name":"(anonymous_3)","decl":{"start":{"line":35,"column":4},"end":{"line":35,"column":17}},"loc":{"start":{"line":35,"column":20},"end":{"line":37,"column":null}}},"4":{"name":"(anonymous_4)","decl":{"start":{"line":39,"column":4},"end":{"line":39,"column":25}},"loc":{"start":{"line":39,"column":33},"end":{"line":42,"column":5}}}},"branchMap":{"0":{"loc":{"start":{"line":1,"column":25},"end":{"line":1,"column":null}},"type":"cond-expr","locations":[{"start":{"line":1,"column":25},"end":{"line":1,"column":null}},{"start":{"line":1,"column":25},"end":{"line":1,"column":null}}]}},"s":{"0":2,"1":1,"2":1,"3":1,"4":1,"5":1,"6":1,"7":1,"8":1,"9":1,"10":0,"11":0,"12":0,"13":1,"14":1,"15":1},"f":{"0":1,"1":1,"2":1,"3":0,"4":0},"b":{"0":[2,1]}}
,"/Users/atharvakunte/Documents/PlaygroundOrg/Tools and scrum/ToolsAndScrumAssessment/force-app/main/default/lwc/modal/modal.js": {"path":"/Users/atharvakunte/Documents/PlaygroundOrg/Tools and scrum/ToolsAndScrumAssessment/force-app/main/default/lwc/modal/modal.js","statementMap":{"0":{"start":{"line":1,"column":25},"end":{"line":1,"column":null}},"1":{"start":{"line":3,"column":18},"end":{"line":3,"column":32}},"2":{"start":{"line":5,"column":52},"end":{"line":5,"column":null}},"3":{"start":{"line":5,"column":52},"end":{"line":6,"column":null}},"4":{"start":{"line":6,"column":26},"end":{"line":16,"column":null}},"5":{"start":{"line":16,"column":27},"end":{"line":17,"column":null}},"6":{"start":{"line":9,"column":8},"end":{"line":9,"column":null}},"7":{"start":{"line":10,"column":8},"end":{"line":10,"column":null}},"8":{"start":{"line":13,"column":8},"end":{"line":13,"column":null}},"9":{"start":{"line":20,"column":8},"end":{"line":20,"column":null}},"10":{"start":{"line":24,"column":8},"end":{"line":24,"column":null}},"11":{"start":{"line":28,"column":28},"end":{"line":28,"column":58}},"12":{"start":{"line":29,"column":8},"end":{"line":29,"column":null}},"13":{"start":{"line":30,"column":8},"end":{"line":30,"column":null}},"14":{"start":{"line":34,"column":26},"end":{"line":34,"column":58}},"15":{"start":{"line":35,"column":8},"end":{"line":35,"column":null}},"16":{"start":{"line":39,"column":25},"end":{"line":39,"column":62}},"17":{"start":{"line":40,"column":8},"end":{"line":40,"column":null}},"18":{"start":{"line":42,"column":1},"end":{"line":5,"column":35}},"19":{"start":{"line":5,"column":0},"end":{"line":5,"column":35}},"20":{"start":{"line":5,"column":26},"end":{"line":5,"column":35}}},"fnMap":{"0":{"name":"_interopRequireDefault","decl":{"start":{"line":1,"column":25},"end":{"line":1,"column":null}},"loc":{"start":{"line":1,"column":25},"end":{"line":1,"column":null}}},"1":{"name":"(anonymous_1)","decl":{"start":{"line":5,"column":52},"end":{"line":5,"column":null}},"loc":{"start":{"line":5,"column":52},"end":{"line":17,"column":null}}},"2":{"name":"(anonymous_2)","decl":{"start":{"line":7,"column":4},"end":{"line":7,"column":null}},"loc":{"start":{"line":8,"column":22},"end":{"line":11,"column":null}}},"3":{"name":"(anonymous_3)","decl":{"start":{"line":12,"column":4},"end":{"line":12,"column":8}},"loc":{"start":{"line":12,"column":17},"end":{"line":14,"column":null}}},"4":{"name":"(anonymous_4)","decl":{"start":{"line":19,"column":9},"end":{"line":19,"column":13}},"loc":{"start":{"line":19,"column":16},"end":{"line":21,"column":null}}},"5":{"name":"(anonymous_5)","decl":{"start":{"line":23,"column":9},"end":{"line":23,"column":13}},"loc":{"start":{"line":23,"column":16},"end":{"line":25,"column":null}}},"6":{"name":"(anonymous_6)","decl":{"start":{"line":27,"column":4},"end":{"line":27,"column":21}},"loc":{"start":{"line":27,"column":24},"end":{"line":31,"column":null}}},"7":{"name":"(anonymous_7)","decl":{"start":{"line":33,"column":4},"end":{"line":33,"column":27}},"loc":{"start":{"line":33,"column":30},"end":{"line":36,"column":null}}},"8":{"name":"(anonymous_8)","decl":{"start":{"line":38,"column":4},"end":{"line":38,"column":26}},"loc":{"start":{"line":38,"column":29},"end":{"line":41,"column":5}}}},"branchMap":{"0":{"loc":{"start":{"line":1,"column":25},"end":{"line":1,"column":null}},"type":"cond-expr","locations":[{"start":{"line":1,"column":25},"end":{"line":1,"column":null}},{"start":{"line":1,"column":25},"end":{"line":1,"column":null}}]}},"s":{"0":10,"1":5,"2":1,"3":1,"4":1,"5":1,"6":0,"7":0,"8":0,"9":0,"10":1,"11":1,"12":1,"13":1,"14":1,"15":1,"16":1,"17":1,"18":5,"19":5,"20":5},"f":{"0":5,"1":1,"2":0,"3":0,"4":0,"5":1,"6":1,"7":1,"8":1},"b":{"0":[10,5]}}
,"/Users/atharvakunte/Documents/PlaygroundOrg/Tools and scrum/ToolsAndScrumAssessment/force-app/main/default/lwc/relatedList/relatedList.js": {"path":"/Users/atharvakunte/Documents/PlaygroundOrg/Tools and scrum/ToolsAndScrumAssessment/force-app/main/default/lwc/relatedList/relatedList.js","statementMap":{"0":{"start":{"line":1,"column":25},"end":{"line":1,"column":null}},"1":{"start":{"line":2,"column":0},"end":{"line":2,"column":null}},"2":{"start":{"line":3,"column":0},"end":{"line":3,"column":null}},"3":{"start":{"line":4,"column":0},"end":{"line":4,"column":58}},"4":{"start":{"line":4,"column":58},"end":{"line":4,"column":null}},"5":{"start":{"line":7,"column":75},"end":{"line":7,"column":null}},"6":{"start":{"line":7,"column":75},"end":{"line":8,"column":null}},"7":{"start":{"line":8,"column":21},"end":{"line":9,"column":null}},"8":{"start":{"line":9,"column":23},"end":{"line":10,"column":null}},"9":{"start":{"line":10,"column":28},"end":{"line":11,"column":null}},"10":{"start":{"line":11,"column":28},"end":{"line":12,"column":null}},"11":{"start":{"line":12,"column":17},"end":{"line":13,"column":null}},"12":{"start":{"line":13,"column":32},"end":{"line":14,"column":null}},"13":{"start":{"line":14,"column":25},"end":{"line":15,"column":null}},"14":{"start":{"line":15,"column":15},"end":{"line":16,"column":null}},"15":{"start":{"line":16,"column":16},"end":{"line":17,"column":null}},"16":{"start":{"line":17,"column":27},"end":{"line":18,"column":null}},"17":{"start":{"line":21,"column":8},"end":{"line":21,"column":null}},"18":{"start":{"line":26,"column":8},"end":{"line":26,"column":null}},"19":{"start":{"line":30,"column":8},"end":{"line":30,"column":null}},"20":{"start":{"line":31,"column":8},"end":{"line":31,"column":null}},"21":{"start":{"line":34,"column":8},"end":{"line":34,"column":null}},"22":{"start":{"line":38,"column":8},"end":{"line":38,"column":null}},"23":{"start":{"line":39,"column":8},"end":{"line":46,"column":null}},"24":{"start":{"line":44,"column":12},"end":{"line":44,"column":null}},"25":{"start":{"line":45,"column":12},"end":{"line":45,"column":null}},"26":{"start":{"line":48,"column":8},"end":{"line":48,"column":null}},"27":{"start":{"line":49,"column":8},"end":{"line":49,"column":null}},"28":{"start":{"line":50,"column":8},"end":{"line":50,"column":null}},"29":{"start":{"line":51,"column":8},"end":{"line":51,"column":null}},"30":{"start":{"line":52,"column":8},"end":{"line":52,"column":null}},"31":{"start":{"line":53,"column":8},"end":{"line":53,"column":null}},"32":{"start":{"line":54,"column":8},"end":{"line":54,"column":null}},"33":{"start":{"line":55,"column":8},"end":{"line":55,"column":null}},"34":{"start":{"line":57,"column":21},"end":{"line":57,"column":60}},"35":{"start":{"line":58,"column":8},"end":{"line":58,"column":null}},"36":{"start":{"line":59,"column":8},"end":{"line":59,"column":null}},"37":{"start":{"line":60,"column":8},"end":{"line":60,"column":null}},"38":{"start":{"line":61,"column":8},"end":{"line":61,"column":null}},"39":{"start":{"line":62,"column":8},"end":{"line":62,"column":null}},"40":{"start":{"line":63,"column":8},"end":{"line":63,"column":null}},"41":{"start":{"line":64,"column":8},"end":{"line":64,"column":null}},"42":{"start":{"line":68,"column":27},"end":{"line":68,"column":51}},"43":{"start":{"line":69,"column":20},"end":{"line":69,"column":36}},"44":{"start":{"line":71,"column":8},"end":{"line":83,"column":null}},"45":{"start":{"line":72,"column":12},"end":{"line":72,"column":null}},"46":{"start":{"line":74,"column":12},"end":{"line":81,"column":null}},"47":{"start":{"line":76,"column":20},"end":{"line":76,"column":null}},"48":{"start":{"line":77,"column":20},"end":{"line":77,"column":null}},"49":{"start":{"line":79,"column":20},"end":{"line":79,"column":null}},"50":{"start":{"line":80,"column":20},"end":{"line":80,"column":null}},"51":{"start":{"line":87,"column":8},"end":{"line":95,"column":null}},"52":{"start":{"line":99,"column":29},"end":{"line":99,"column":89}},"53":{"start":{"line":100,"column":8},"end":{"line":100,"column":null}},"54":{"start":{"line":101,"column":8},"end":{"line":101,"column":null}},"55":{"start":{"line":102,"column":8},"end":{"line":102,"column":null}},"56":{"start":{"line":103,"column":8},"end":{"line":103,"column":null}},"57":{"start":{"line":104,"column":8},"end":{"line":104,"column":null}},"58":{"start":{"line":108,"column":29},"end":{"line":108,"column":89}},"59":{"start":{"line":109,"column":8},"end":{"line":109,"column":null}},"60":{"start":{"line":110,"column":8},"end":{"line":110,"column":null}},"61":{"start":{"line":111,"column":8},"end":{"line":111,"column":null}},"62":{"start":{"line":112,"column":8},"end":{"line":112,"column":null}},"63":{"start":{"line":113,"column":8},"end":{"line":113,"column":null}},"64":{"start":{"line":117,"column":29},"end":{"line":117,"column":87}},"65":{"start":{"line":118,"column":8},"end":{"line":118,"column":null}},"66":{"start":{"line":119,"column":8},"end":{"line":119,"column":null}},"67":{"start":{"line":120,"column":8},"end":{"line":120,"column":null}},"68":{"start":{"line":121,"column":8},"end":{"line":121,"column":null}},"69":{"start":{"line":125,"column":8},"end":{"line":125,"column":null}},"70":{"start":{"line":127,"column":1},"end":{"line":7,"column":41}},"71":{"start":{"line":7,"column":0},"end":{"line":7,"column":41}},"72":{"start":{"line":7,"column":32},"end":{"line":7,"column":41}}},"fnMap":{"0":{"name":"_interopRequireDefault","decl":{"start":{"line":4,"column":58},"end":{"line":4,"column":null}},"loc":{"start":{"line":4,"column":58},"end":{"line":4,"column":null}}},"1":{"name":"(anonymous_1)","decl":{"start":{"line":7,"column":75},"end":{"line":7,"column":null}},"loc":{"start":{"line":7,"column":75},"end":{"line":18,"column":null}}},"2":{"name":"(anonymous_2)","decl":{"start":{"line":20,"column":4},"end":{"line":20,"column":20}},"loc":{"start":{"line":20,"column":23},"end":{"line":22,"column":null}}},"3":{"name":"(anonymous_3)","decl":{"start":{"line":24,"column":4},"end":{"line":24,"column":null}},"loc":{"start":{"line":25,"column":19},"end":{"line":27,"column":null}}},"4":{"name":"(anonymous_4)","decl":{"start":{"line":29,"column":4},"end":{"line":29,"column":8}},"loc":{"start":{"line":29,"column":24},"end":{"line":32,"column":null}}},"5":{"name":"(anonymous_5)","decl":{"start":{"line":33,"column":4},"end":{"line":33,"column":8}},"loc":{"start":{"line":33,"column":21},"end":{"line":35,"column":null}}},"6":{"name":"(anonymous_6)","decl":{"start":{"line":37,"column":4},"end":{"line":37,"column":10}},"loc":{"start":{"line":37,"column":17},"end":{"line":65,"column":null}}},"7":{"name":"(anonymous_7)","decl":{"start":{"line":67,"column":4},"end":{"line":67,"column":19}},"loc":{"start":{"line":67,"column":27},"end":{"line":84,"column":null}}},"8":{"name":"(anonymous_8)","decl":{"start":{"line":86,"column":4},"end":{"line":86,"column":25}},"loc":{"start":{"line":86,"column":28},"end":{"line":96,"column":null}}},"9":{"name":"(anonymous_9)","decl":{"start":{"line":98,"column":4},"end":{"line":98,"column":22}},"loc":{"start":{"line":98,"column":25},"end":{"line":105,"column":null}}},"10":{"name":"(anonymous_10)","decl":{"start":{"line":107,"column":4},"end":{"line":107,"column":20}},"loc":{"start":{"line":107,"column":26},"end":{"line":114,"column":null}}},"11":{"name":"(anonymous_11)","decl":{"start":{"line":116,"column":4},"end":{"line":116,"column":22}},"loc":{"start":{"line":116,"column":28},"end":{"line":122,"column":null}}},"12":{"name":"(anonymous_12)","decl":{"start":{"line":124,"column":4},"end":{"line":124,"column":21}},"loc":{"start":{"line":124,"column":24},"end":{"line":126,"column":5}}}},"branchMap":{"0":{"loc":{"start":{"line":4,"column":58},"end":{"line":4,"column":null}},"type":"cond-expr","locations":[{"start":{"line":4,"column":58},"end":{"line":4,"column":null}},{"start":{"line":4,"column":58},"end":{"line":4,"column":null}}]},"1":{"loc":{"start":{"line":34,"column":15},"end":{"line":34,"column":70}},"type":"binary-expr","locations":[{"start":{"line":34,"column":15},"end":{"line":34,"column":41}},{"start":{"line":34,"column":45},"end":{"line":34,"column":70}}]},"2":{"loc":{"start":{"line":39,"column":8},"end":{"line":46,"column":null}},"type":"if","locations":[{"start":{"line":39,"column":8},"end":{"line":46,"column":null}}]},"3":{"loc":{"start":{"line":39,"column":15},"end":{"line":43,"column":27}},"type":"binary-expr","locations":[{"start":{"line":39,"column":15},"end":{"line":39,"column":28}},{"start":{"line":40,"column":15},"end":{"line":40,"column":34}},{"start":{"line":41,"column":15},"end":{"line":41,"column":39}},{"start":{"line":42,"column":15},"end":{"line":42,"column":26}},{"start":{"line":43,"column":15},"end":{"line":43,"column":27}}]},"4":{"loc":{"start":{"line":71,"column":8},"end":{"line":83,"column":null}},"type":"if","locations":[{"start":{"line":71,"column":8},"end":{"line":83,"column":null}},{"start":{"line":73,"column":15},"end":{"line":83,"column":null}}]},"5":{"loc":{"start":{"line":74,"column":12},"end":{"line":81,"column":null}},"type":"switch","locations":[{"start":{"line":75,"column":16},"end":{"line":77,"column":null}},{"start":{"line":78,"column":16},"end":{"line":80,"column":null}},{"start":{"line":81,"column":16},"end":{"line":81,"column":null}}]}},"s":{"0":2,"1":2,"2":2,"3":2,"4":10,"5":4,"6":4,"7":4,"8":4,"9":4,"10":4,"11":4,"12":4,"13":4,"14":4,"15":4,"16":4,"17":5,"18":12,"19":4,"20":4,"21":4,"22":6,"23":6,"24":6,"25":6,"26":0,"27":0,"28":0,"29":0,"30":0,"31":0,"32":0,"33":0,"34":0,"35":0,"36":0,"37":0,"38":0,"39":0,"40":0,"41":0,"42":0,"43":0,"44":0,"45":0,"46":0,"47":0,"48":0,"49":0,"50":0,"51":0,"52":0,"53":0,"54":0,"55":0,"56":0,"57":0,"58":0,"59":0,"60":0,"61":0,"62":0,"63":0,"64":0,"65":0,"66":0,"67":0,"68":0,"69":2,"70":2,"71":2,"72":2},"f":{"0":4,"1":4,"2":5,"3":12,"4":4,"5":4,"6":6,"7":0,"8":0,"9":0,"10":0,"11":0,"12":2},"b":{"0":[8,4],"1":[4,4],"2":[6],"3":[6,3,0,0,0],"4":[0,0],"5":[0,0,0]}}
,"/Users/atharvakunte/Documents/PlaygroundOrg/Tools and scrum/ToolsAndScrumAssessment/force-app/main/default/lwc/relatedList/relatedListHelper.js": {"path":"/Users/atharvakunte/Documents/PlaygroundOrg/Tools and scrum/ToolsAndScrumAssessment/force-app/main/default/lwc/relatedList/relatedListHelper.js","statementMap":{"0":{"start":{"line":2,"column":0},"end":{"line":2,"column":null}},"1":{"start":{"line":8,"column":23},"end":{"line":8,"column":47}},"2":{"start":{"line":9,"column":8},"end":{"line":9,"column":null}},"3":{"start":{"line":10,"column":8},"end":{"line":10,"column":null}},"4":{"start":{"line":11,"column":8},"end":{"line":18,"column":null}},"5":{"start":{"line":13,"column":29},"end":{"line":13,"column":49}},"6":{"start":{"line":14,"column":16},"end":{"line":14,"column":null}},"7":{"start":{"line":17,"column":16},"end":{"line":17,"column":null}},"8":{"start":{"line":22,"column":24},"end":{"line":22,"column":36}},"9":{"start":{"line":23,"column":8},"end":{"line":23,"column":null}},"10":{"start":{"line":24,"column":8},"end":{"line":29,"column":null}},"11":{"start":{"line":25,"column":12},"end":{"line":25,"column":null}},"12":{"start":{"line":26,"column":12},"end":{"line":26,"column":null}},"13":{"start":{"line":28,"column":12},"end":{"line":28,"column":null}},"14":{"start":{"line":30,"column":8},"end":{"line":30,"column":null}},"15":{"start":{"line":35,"column":8},"end":{"line":40,"column":null}},"16":{"start":{"line":36,"column":12},"end":{"line":39,"column":null}},"17":{"start":{"line":41,"column":8},"end":{"line":41,"column":null}},"18":{"start":{"line":45,"column":8},"end":{"line":57,"column":null}},"19":{"start":{"line":46,"column":12},"end":{"line":46,"column":null}},"20":{"start":{"line":47,"column":12},"end":{"line":56,"column":null}},"21":{"start":{"line":48,"column":38},"end":{"line":48,"column":58}},"22":{"start":{"line":49,"column":16},"end":{"line":55,"column":null}},"23":{"start":{"line":50,"column":37},"end":{"line":50,"column":87}},"24":{"start":{"line":51,"column":20},"end":{"line":51,"column":null}},"25":{"start":{"line":52,"column":20},"end":{"line":54,"column":null}},"26":{"start":{"line":53,"column":24},"end":{"line":53,"column":null}},"27":{"start":{"line":62,"column":8},"end":{"line":69,"column":null}},"28":{"start":{"line":63,"column":34},"end":{"line":63,"column":61}},"29":{"start":{"line":64,"column":12},"end":{"line":68,"column":null}},"30":{"start":{"line":65,"column":16},"end":{"line":65,"column":null}},"31":{"start":{"line":67,"column":16},"end":{"line":67,"column":null}},"32":{"start":{"line":5,"column":0},"end":{"line":5,"column":39}},"33":{"start":{"line":5,"column":38},"end":{"line":5,"column":39}}},"fnMap":{"0":{"name":"initDataMethod","decl":{"start":{"line":2,"column":0},"end":{"line":2,"column":null}},"loc":{"start":{"line":2,"column":0},"end":{"line":2,"column":null}}},"1":{"name":"(anonymous_2)","decl":{"start":{"line":7,"column":4},"end":{"line":7,"column":13}},"loc":{"start":{"line":7,"column":21},"end":{"line":19,"column":null}}},"2":{"name":"(anonymous_3)","decl":{"start":{"line":12,"column":18},"end":{"line":12,"column":26}},"loc":{"start":{"line":12,"column":30},"end":{"line":15,"column":13}}},"3":{"name":"(anonymous_4)","decl":{"start":{"line":16,"column":19},"end":{"line":16,"column":24}},"loc":{"start":{"line":16,"column":28},"end":{"line":18,"column":13}}},"4":{"name":"(anonymous_5)","decl":{"start":{"line":21,"column":4},"end":{"line":21,"column":15}},"loc":{"start":{"line":21,"column":28},"end":{"line":31,"column":null}}},"5":{"name":"(anonymous_6)","decl":{"start":{"line":34,"column":4},"end":{"line":34,"column":26}},"loc":{"start":{"line":34,"column":51},"end":{"line":42,"column":null}}},"6":{"name":"(anonymous_7)","decl":{"start":{"line":44,"column":4},"end":{"line":44,"column":17}},"loc":{"start":{"line":44,"column":27},"end":{"line":59,"column":null}}},"7":{"name":"(anonymous_8)","decl":{"start":{"line":45,"column":24},"end":{"line":45,"column":30}},"loc":{"start":{"line":45,"column":34},"end":{"line":57,"column":9}}},"8":{"name":"(anonymous_9)","decl":{"start":{"line":61,"column":4},"end":{"line":61,"column":20}},"loc":{"start":{"line":61,"column":55},"end":{"line":70,"column":null}}}},"branchMap":{"0":{"loc":{"start":{"line":2,"column":0},"end":{"line":2,"column":null}},"type":"binary-expr","locations":[{"start":{"line":2,"column":0},"end":{"line":2,"column":null}},{"start":{"line":2,"column":0},"end":{"line":2,"column":null}}]},"1":{"loc":{"start":{"line":24,"column":8},"end":{"line":29,"column":null}},"type":"if","locations":[{"start":{"line":24,"column":8},"end":{"line":29,"column":null}},{"start":{"line":27,"column":15},"end":{"line":29,"column":null}}]},"2":{"loc":{"start":{"line":35,"column":8},"end":{"line":40,"column":null}},"type":"if","locations":[{"start":{"line":35,"column":8},"end":{"line":40,"column":null}}]},"3":{"loc":{"start":{"line":49,"column":16},"end":{"line":55,"column":null}},"type":"if","locations":[{"start":{"line":49,"column":16},"end":{"line":55,"column":null}}]},"4":{"loc":{"start":{"line":50,"column":37},"end":{"line":50,"column":87}},"type":"cond-expr","locations":[{"start":{"line":50,"column":57},"end":{"line":50,"column":79}},{"start":{"line":50,"column":83},"end":{"line":50,"column":87}}]},"5":{"loc":{"start":{"line":52,"column":20},"end":{"line":54,"column":null}},"type":"if","locations":[{"start":{"line":52,"column":20},"end":{"line":54,"column":null}}]},"6":{"loc":{"start":{"line":64,"column":12},"end":{"line":68,"column":null}},"type":"if","locations":[{"start":{"line":64,"column":12},"end":{"line":68,"column":null}},{"start":{"line":66,"column":19},"end":{"line":68,"column":null}}]}},"s":{"0":8,"1":0,"2":0,"3":0,"4":0,"5":0,"6":0,"7":0,"8":0,"9":0,"10":0,"11":0,"12":0,"13":0,"14":0,"15":0,"16":0,"17":0,"18":0,"19":0,"20":0,"21":0,"22":0,"23":0,"24":0,"25":0,"26":0,"27":0,"28":0,"29":0,"30":0,"31":0,"32":2,"33":2},"f":{"0":0,"1":0,"2":0,"3":0,"4":0,"5":0,"6":0,"7":0,"8":0},"b":{"0":[2,2],"1":[0,0],"2":[0],"3":[0],"4":[0,0],"5":[0],"6":[0,0]}}
,"/Users/atharvakunte/Documents/PlaygroundOrg/Tools and scrum/ToolsAndScrumAssessment/force-app/main/default/lwc/relatedListDeletePopup/relatedListDeletePopup.js": {"path":"/Users/atharvakunte/Documents/PlaygroundOrg/Tools and scrum/ToolsAndScrumAssessment/force-app/main/default/lwc/relatedListDeletePopup/relatedListDeletePopup.js","statementMap":{"0":{"start":{"line":2,"column":25},"end":{"line":2,"column":null}},"1":{"start":{"line":3,"column":0},"end":{"line":3,"column":null}},"2":{"start":{"line":4,"column":0},"end":{"line":4,"column":52}},"3":{"start":{"line":4,"column":52},"end":{"line":4,"column":null}},"4":{"start":{"line":6,"column":69},"end":{"line":6,"column":null}},"5":{"start":{"line":6,"column":69},"end":{"line":7,"column":null}},"6":{"start":{"line":7,"column":21},"end":{"line":8,"column":null}},"7":{"start":{"line":8,"column":21},"end":{"line":9,"column":null}},"8":{"start":{"line":9,"column":17},"end":{"line":10,"column":null}},"9":{"start":{"line":13,"column":8},"end":{"line":13,"column":null}},"10":{"start":{"line":17,"column":8},"end":{"line":17,"column":null}},"11":{"start":{"line":21,"column":8},"end":{"line":21,"column":null}},"12":{"start":{"line":24,"column":8},"end":{"line":24,"column":null}},"13":{"start":{"line":28,"column":8},"end":{"line":28,"column":null}},"14":{"start":{"line":32,"column":8},"end":{"line":32,"column":null}},"15":{"start":{"line":36,"column":8},"end":{"line":52,"column":null}},"16":{"start":{"line":38,"column":16},"end":{"line":38,"column":null}},"17":{"start":{"line":39,"column":28},"end":{"line":42,"column":18}},"18":{"start":{"line":43,"column":16},"end":{"line":43,"column":null}},"19":{"start":{"line":44,"column":16},"end":{"line":44,"column":null}},"20":{"start":{"line":46,"column":28},"end":{"line":50,"column":18}},"21":{"start":{"line":51,"column":16},"end":{"line":51,"column":null}},"22":{"start":{"line":55,"column":1},"end":{"line":6,"column":52}},"23":{"start":{"line":6,"column":0},"end":{"line":6,"column":52}},"24":{"start":{"line":6,"column":43},"end":{"line":6,"column":52}}},"fnMap":{"0":{"name":"_interopRequireDefault","decl":{"start":{"line":4,"column":52},"end":{"line":4,"column":null}},"loc":{"start":{"line":4,"column":52},"end":{"line":4,"column":null}}},"1":{"name":"(anonymous_1)","decl":{"start":{"line":6,"column":69},"end":{"line":6,"column":null}},"loc":{"start":{"line":6,"column":69},"end":{"line":10,"column":null}}},"2":{"name":"(anonymous_2)","decl":{"start":{"line":12,"column":9},"end":{"line":12,"column":13}},"loc":{"start":{"line":12,"column":16},"end":{"line":14,"column":null}}},"3":{"name":"(anonymous_3)","decl":{"start":{"line":16,"column":9},"end":{"line":16,"column":13}},"loc":{"start":{"line":16,"column":16},"end":{"line":18,"column":null}}},"4":{"name":"(anonymous_4)","decl":{"start":{"line":20,"column":4},"end":{"line":20,"column":15}},"loc":{"start":{"line":20,"column":18},"end":{"line":22,"column":null}}},"5":{"name":"(anonymous_5)","decl":{"start":{"line":23,"column":4},"end":{"line":23,"column":21}},"loc":{"start":{"line":23,"column":23},"end":{"line":25,"column":null}}},"6":{"name":"(anonymous_6)","decl":{"start":{"line":27,"column":4},"end":{"line":27,"column":8}},"loc":{"start":{"line":27,"column":14},"end":{"line":29,"column":null}}},"7":{"name":"(anonymous_7)","decl":{"start":{"line":31,"column":4},"end":{"line":31,"column":8}},"loc":{"start":{"line":31,"column":16},"end":{"line":33,"column":null}}},"8":{"name":"(anonymous_8)","decl":{"start":{"line":35,"column":4},"end":{"line":35,"column":16}},"loc":{"start":{"line":35,"column":18},"end":{"line":53,"column":5}}},"9":{"name":"(anonymous_9)","decl":{"start":{"line":37,"column":18},"end":{"line":37,"column":24}},"loc":{"start":{"line":37,"column":24},"end":{"line":45,"column":13}}},"10":{"name":"(anonymous_10)","decl":{"start":{"line":45,"column":21},"end":{"line":45,"column":26}},"loc":{"start":{"line":45,"column":30},"end":{"line":52,"column":13}}}},"branchMap":{"0":{"loc":{"start":{"line":4,"column":52},"end":{"line":4,"column":null}},"type":"cond-expr","locations":[{"start":{"line":4,"column":52},"end":{"line":4,"column":null}},{"start":{"line":4,"column":52},"end":{"line":4,"column":null}}]}},"s":{"0":3,"1":3,"2":3,"3":3,"4":2,"5":2,"6":2,"7":2,"8":2,"9":0,"10":0,"11":0,"12":0,"13":0,"14":0,"15":0,"16":0,"17":0,"18":0,"19":0,"20":0,"21":0,"22":3,"23":3,"24":3},"f":{"0":3,"1":2,"2":0,"3":0,"4":0,"5":0,"6":0,"7":0,"8":0,"9":0,"10":0},"b":{"0":[6,3]}}
,"/Users/atharvakunte/Documents/PlaygroundOrg/Tools and scrum/ToolsAndScrumAssessment/force-app/main/default/lwc/relatedListNewEditPopup/relatedListNewEditPopup.js": {"path":"/Users/atharvakunte/Documents/PlaygroundOrg/Tools and scrum/ToolsAndScrumAssessment/force-app/main/default/lwc/relatedListNewEditPopup/relatedListNewEditPopup.js","statementMap":{"0":{"start":{"line":1,"column":25},"end":{"line":1,"column":null}},"1":{"start":{"line":2,"column":0},"end":{"line":2,"column":null}},"2":{"start":{"line":3,"column":0},"end":{"line":3,"column":60}},"3":{"start":{"line":3,"column":60},"end":{"line":3,"column":null}},"4":{"start":{"line":6,"column":70},"end":{"line":6,"column":null}},"5":{"start":{"line":6,"column":70},"end":{"line":7,"column":null}},"6":{"start":{"line":7,"column":21},"end":{"line":8,"column":null}},"7":{"start":{"line":8,"column":21},"end":{"line":9,"column":null}},"8":{"start":{"line":9,"column":23},"end":{"line":10,"column":null}},"9":{"start":{"line":10,"column":17},"end":{"line":11,"column":null}},"10":{"start":{"line":14,"column":8},"end":{"line":14,"column":null}},"11":{"start":{"line":18,"column":8},"end":{"line":18,"column":null}},"12":{"start":{"line":21,"column":8},"end":{"line":21,"column":null}},"13":{"start":{"line":24,"column":8},"end":{"line":24,"column":null}},"14":{"start":{"line":28,"column":8},"end":{"line":28,"column":null}},"15":{"start":{"line":31,"column":8},"end":{"line":31,"column":null}},"16":{"start":{"line":35,"column":8},"end":{"line":35,"column":null}},"17":{"start":{"line":39,"column":8},"end":{"line":39,"column":null}},"18":{"start":{"line":40,"column":19},"end":{"line":40,"column":34}},"19":{"start":{"line":41,"column":8},"end":{"line":47,"column":null}},"20":{"start":{"line":42,"column":12},"end":{"line":46,"column":null}},"21":{"start":{"line":43,"column":16},"end":{"line":43,"column":null}},"22":{"start":{"line":44,"column":18},"end":{"line":46,"column":null}},"23":{"start":{"line":45,"column":16},"end":{"line":45,"column":null}},"24":{"start":{"line":48,"column":8},"end":{"line":48,"column":null}},"25":{"start":{"line":50,"column":25},"end":{"line":50,"column":99}},"26":{"start":{"line":51,"column":20},"end":{"line":54,"column":10}},"27":{"start":{"line":55,"column":8},"end":{"line":55,"column":null}},"28":{"start":{"line":56,"column":8},"end":{"line":56,"column":null}},"29":{"start":{"line":60,"column":8},"end":{"line":60,"column":null}},"30":{"start":{"line":62,"column":1},"end":{"line":6,"column":53}},"31":{"start":{"line":6,"column":0},"end":{"line":6,"column":53}},"32":{"start":{"line":6,"column":44},"end":{"line":6,"column":53}}},"fnMap":{"0":{"name":"_interopRequireDefault","decl":{"start":{"line":3,"column":60},"end":{"line":3,"column":null}},"loc":{"start":{"line":3,"column":60},"end":{"line":3,"column":null}}},"1":{"name":"(anonymous_1)","decl":{"start":{"line":6,"column":70},"end":{"line":6,"column":null}},"loc":{"start":{"line":6,"column":70},"end":{"line":11,"column":null}}},"2":{"name":"(anonymous_2)","decl":{"start":{"line":13,"column":9},"end":{"line":13,"column":13}},"loc":{"start":{"line":13,"column":16},"end":{"line":15,"column":null}}},"3":{"name":"(anonymous_3)","decl":{"start":{"line":17,"column":9},"end":{"line":17,"column":13}},"loc":{"start":{"line":17,"column":16},"end":{"line":19,"column":null}}},"4":{"name":"(anonymous_4)","decl":{"start":{"line":20,"column":4},"end":{"line":20,"column":15}},"loc":{"start":{"line":20,"column":18},"end":{"line":22,"column":null}}},"5":{"name":"(anonymous_5)","decl":{"start":{"line":23,"column":4},"end":{"line":23,"column":21}},"loc":{"start":{"line":23,"column":23},"end":{"line":25,"column":null}}},"6":{"name":"(anonymous_6)","decl":{"start":{"line":27,"column":4},"end":{"line":27,"column":9}},"loc":{"start":{"line":27,"column":11},"end":{"line":29,"column":null}}},"7":{"name":"(anonymous_7)","decl":{"start":{"line":30,"column":4},"end":{"line":30,"column":8}},"loc":{"start":{"line":30,"column":16},"end":{"line":32,"column":null}}},"8":{"name":"(anonymous_8)","decl":{"start":{"line":34,"column":4},"end":{"line":34,"column":14}},"loc":{"start":{"line":34,"column":16},"end":{"line":37,"column":null}}},"9":{"name":"(anonymous_9)","decl":{"start":{"line":38,"column":4},"end":{"line":38,"column":17}},"loc":{"start":{"line":38,"column":24},"end":{"line":57,"column":null}}},"10":{"name":"(anonymous_10)","decl":{"start":{"line":59,"column":4},"end":{"line":59,"column":20}},"loc":{"start":{"line":59,"column":23},"end":{"line":61,"column":5}}}},"branchMap":{"0":{"loc":{"start":{"line":3,"column":60},"end":{"line":3,"column":null}},"type":"cond-expr","locations":[{"start":{"line":3,"column":60},"end":{"line":3,"column":null}},{"start":{"line":3,"column":60},"end":{"line":3,"column":null}}]},"1":{"loc":{"start":{"line":31,"column":15},"end":{"line":31,"column":84}},"type":"cond-expr","locations":[{"start":{"line":31,"column":31},"end":{"line":31,"column":56}},{"start":{"line":31,"column":60},"end":{"line":31,"column":84}}]},"2":{"loc":{"start":{"line":41,"column":8},"end":{"line":47,"column":null}},"type":"if","locations":[{"start":{"line":41,"column":8},"end":{"line":47,"column":null}}]},"3":{"loc":{"start":{"line":42,"column":12},"end":{"line":46,"column":null}},"type":"if","locations":[{"start":{"line":42,"column":12},"end":{"line":46,"column":null}},{"start":{"line":44,"column":18},"end":{"line":46,"column":null}}]},"4":{"loc":{"start":{"line":44,"column":18},"end":{"line":46,"column":null}},"type":"if","locations":[{"start":{"line":44,"column":18},"end":{"line":46,"column":null}}]},"5":{"loc":{"start":{"line":48,"column":15},"end":{"line":48,"column":38}},"type":"cond-expr","locations":[{"start":{"line":48,"column":23},"end":{"line":48,"column":33}},{"start":{"line":48,"column":36},"end":{"line":48,"column":38}}]},"6":{"loc":{"start":{"line":50,"column":61},"end":{"line":50,"column":97}},"type":"cond-expr","locations":[{"start":{"line":50,"column":76},"end":{"line":50,"column":85}},{"start":{"line":50,"column":88},"end":{"line":50,"column":97}}]}},"s":{"0":3,"1":3,"2":3,"3":12,"4":2,"5":2,"6":2,"7":2,"8":2,"9":2,"10":0,"11":0,"12":0,"13":0,"14":0,"15":0,"16":0,"17":0,"18":0,"19":0,"20":0,"21":0,"22":0,"23":0,"24":0,"25":0,"26":0,"27":0,"28":0,"29":2,"30":3,"31":3,"32":3},"f":{"0":3,"1":2,"2":0,"3":0,"4":0,"5":0,"6":0,"7":0,"8":0,"9":0,"10":2},"b":{"0":[6,3],"1":[0,0],"2":[0],"3":[0,0],"4":[0],"5":[0,0],"6":[0,0]}}
}
