TN:
SF:force-app/main/default/lwc/accountPage/accountPage.js
FN:1,_interopRequireDefault
FN:3,(anonymous_1)
FN:28,(anonymous_2)
FN:35,(anonymous_3)
FN:39,(anonymous_4)
FNF:5
FNH:3
FNDA:1,_interopRequireDefault
FNDA:1,(anonymous_1)
FNDA:1,(anonymous_2)
FNDA:0,(anonymous_3)
FNDA:0,(anonymous_4)
DA:1,2
DA:3,1
DA:4,1
DA:10,1
DA:17,1
DA:24,1
DA:26,1
DA:29,1
DA:30,1
DA:36,0
DA:40,0
DA:41,0
DA:43,1
LF:13
LH:10
BRDA:1,0,0,2
BRDA:1,0,1,1
BRF:2
BRH:2
end_of_record
TN:
SF:force-app/main/default/lwc/modal/modal.js
FN:1,_interopRequireDefault
FN:5,(anonymous_1)
FN:7,(anonymous_2)
FN:12,(anonymous_3)
FN:19,(anonymous_4)
FN:23,(anonymous_5)
FN:27,(anonymous_6)
FN:33,(anonymous_7)
FN:38,(anonymous_8)
FNF:9
FNH:6
FNDA:5,_interopRequireDefault
FNDA:1,(anonymous_1)
FNDA:0,(anonymous_2)
FNDA:0,(anonymous_3)
FNDA:0,(anonymous_4)
FNDA:1,(anonymous_5)
FNDA:1,(anonymous_6)
FNDA:1,(anonymous_7)
FNDA:1,(anonymous_8)
DA:1,10
DA:3,5
DA:5,5
DA:6,1
DA:9,0
DA:10,0
DA:13,0
DA:16,1
DA:20,0
DA:24,1
DA:28,1
DA:29,1
DA:30,1
DA:34,1
DA:35,1
DA:39,1
DA:40,1
DA:42,5
LF:18
LH:14
BRDA:1,0,0,10
BRDA:1,0,1,5
BRF:2
BRH:2
end_of_record
TN:
SF:force-app/main/default/lwc/relatedList/relatedList.js
FN:4,_interopRequireDefault
FN:7,(anonymous_1)
FN:20,(anonymous_2)
FN:24,(anonymous_3)
FN:29,(anonymous_4)
FN:33,(anonymous_5)
FN:37,(anonymous_6)
FN:67,(anonymous_7)
FN:86,(anonymous_8)
FN:98,(anonymous_9)
FN:107,(anonymous_10)
FN:116,(anonymous_11)
FN:124,(anonymous_12)
FNF:13
FNH:8
FNDA:4,_interopRequireDefault
FNDA:4,(anonymous_1)
FNDA:5,(anonymous_2)
FNDA:12,(anonymous_3)
FNDA:4,(anonymous_4)
FNDA:4,(anonymous_5)
FNDA:6,(anonymous_6)
FNDA:0,(anonymous_7)
FNDA:0,(anonymous_8)
FNDA:0,(anonymous_9)
FNDA:0,(anonymous_10)
FNDA:0,(anonymous_11)
FNDA:2,(anonymous_12)
DA:1,2
DA:2,2
DA:3,2
DA:4,10
DA:7,4
DA:8,4
DA:9,4
DA:10,4
DA:11,4
DA:12,4
DA:13,4
DA:14,4
DA:15,4
DA:16,4
DA:17,4
DA:21,5
DA:26,12
DA:30,4
DA:31,4
DA:34,4
DA:38,6
DA:39,6
DA:44,6
DA:45,6
DA:48,0
DA:49,0
DA:50,0
DA:51,0
DA:52,0
DA:53,0
DA:54,0
DA:55,0
DA:57,0
DA:58,0
DA:59,0
DA:60,0
DA:61,0
DA:62,0
DA:63,0
DA:64,0
DA:68,0
DA:69,0
DA:71,0
DA:72,0
DA:74,0
DA:76,0
DA:77,0
DA:79,0
DA:80,0
DA:87,0
DA:99,0
DA:100,0
DA:101,0
DA:102,0
DA:103,0
DA:104,0
DA:108,0
DA:109,0
DA:110,0
DA:111,0
DA:112,0
DA:113,0
DA:117,0
DA:118,0
DA:119,0
DA:120,0
DA:121,0
DA:125,2
DA:127,2
LF:69
LH:26
BRDA:4,0,0,8
BRDA:4,0,1,4
BRDA:34,1,0,4
BRDA:34,1,1,4
BRDA:39,2,0,6
BRDA:39,3,0,6
BRDA:39,3,1,3
BRDA:39,3,2,0
BRDA:39,3,3,0
BRDA:39,3,4,0
BRDA:71,4,0,0
BRDA:71,4,1,0
BRDA:74,5,0,0
BRDA:74,5,1,0
BRDA:74,5,2,0
BRF:15
BRH:7
end_of_record
TN:
SF:force-app/main/default/lwc/relatedList/relatedListHelper.js
FN:2,initDataMethod
FN:7,(anonymous_2)
FN:12,(anonymous_3)
FN:16,(anonymous_4)
FN:21,(anonymous_5)
FN:34,(anonymous_6)
FN:44,(anonymous_7)
FN:45,(anonymous_8)
FN:61,(anonymous_9)
FNF:9
FNH:0
FNDA:0,initDataMethod
FNDA:0,(anonymous_2)
FNDA:0,(anonymous_3)
FNDA:0,(anonymous_4)
FNDA:0,(anonymous_5)
FNDA:0,(anonymous_6)
FNDA:0,(anonymous_7)
FNDA:0,(anonymous_8)
FNDA:0,(anonymous_9)
DA:2,8
DA:5,2
DA:8,0
DA:9,0
DA:10,0
DA:11,0
DA:13,0
DA:14,0
DA:17,0
DA:22,0
DA:23,0
DA:24,0
DA:25,0
DA:26,0
DA:28,0
DA:30,0
DA:35,0
DA:36,0
DA:41,0
DA:45,0
DA:46,0
DA:47,0
DA:48,0
DA:49,0
DA:50,0
DA:51,0
DA:52,0
DA:53,0
DA:62,0
DA:63,0
DA:64,0
DA:65,0
DA:67,0
LF:33
LH:2
BRDA:2,0,0,2
BRDA:2,0,1,2
BRDA:24,1,0,0
BRDA:24,1,1,0
BRDA:35,2,0,0
BRDA:49,3,0,0
BRDA:50,4,0,0
BRDA:50,4,1,0
BRDA:52,5,0,0
BRDA:64,6,0,0
BRDA:64,6,1,0
BRF:11
BRH:2
end_of_record
TN:
SF:force-app/main/default/lwc/relatedListDeletePopup/relatedListDeletePopup.js
FN:4,_interopRequireDefault
FN:6,(anonymous_1)
FN:12,(anonymous_2)
FN:16,(anonymous_3)
FN:20,(anonymous_4)
FN:23,(anonymous_5)
FN:27,(anonymous_6)
FN:31,(anonymous_7)
FN:35,(anonymous_8)
FN:37,(anonymous_9)
FN:45,(anonymous_10)
FNF:11
FNH:2
FNDA:3,_interopRequireDefault
FNDA:2,(anonymous_1)
FNDA:0,(anonymous_2)
FNDA:0,(anonymous_3)
FNDA:0,(anonymous_4)
FNDA:0,(anonymous_5)
FNDA:0,(anonymous_6)
FNDA:0,(anonymous_7)
FNDA:0,(anonymous_8)
FNDA:0,(anonymous_9)
FNDA:0,(anonymous_10)
DA:2,3
DA:3,3
DA:4,3
DA:6,3
DA:7,2
DA:8,2
DA:9,2
DA:13,0
DA:17,0
DA:21,0
DA:24,0
DA:28,0
DA:32,0
DA:36,0
DA:38,0
DA:39,0
DA:43,0
DA:44,0
DA:46,0
DA:51,0
DA:55,3
LF:21
LH:8
BRDA:4,0,0,6
BRDA:4,0,1,3
BRF:2
BRH:2
end_of_record
TN:
SF:force-app/main/default/lwc/relatedListNewEditPopup/relatedListNewEditPopup.js
FN:3,_interopRequireDefault
FN:6,(anonymous_1)
FN:13,(anonymous_2)
FN:17,(anonymous_3)
FN:20,(anonymous_4)
FN:23,(anonymous_5)
FN:27,(anonymous_6)
FN:30,(anonymous_7)
FN:34,(anonymous_8)
FN:38,(anonymous_9)
FN:59,(anonymous_10)
FNF:11
FNH:3
FNDA:3,_interopRequireDefault
FNDA:2,(anonymous_1)
FNDA:0,(anonymous_2)
FNDA:0,(anonymous_3)
FNDA:0,(anonymous_4)
FNDA:0,(anonymous_5)
FNDA:0,(anonymous_6)
FNDA:0,(anonymous_7)
FNDA:0,(anonymous_8)
FNDA:0,(anonymous_9)
FNDA:2,(anonymous_10)
DA:1,3
DA:2,3
DA:3,12
DA:6,3
DA:7,2
DA:8,2
DA:9,2
DA:10,2
DA:14,0
DA:18,0
DA:21,0
DA:24,0
DA:28,0
DA:31,0
DA:35,0
DA:39,0
DA:40,0
DA:41,0
DA:42,0
DA:43,0
DA:44,0
DA:45,0
DA:48,0
DA:50,0
DA:51,0
DA:55,0
DA:56,0
DA:60,2
DA:62,3
LF:29
LH:10
BRDA:3,0,0,6
BRDA:3,0,1,3
BRDA:31,1,0,0
BRDA:31,1,1,0
BRDA:41,2,0,0
BRDA:42,3,0,0
BRDA:42,3,1,0
BRDA:44,4,0,0
BRDA:48,5,0,0
BRDA:48,5,1,0
BRDA:50,6,0,0
BRDA:50,6,1,0
BRF:12
BRH:2
end_of_record
